c Instance is: ccsat.in
c Reading instance.....done.
c Random number seed: 1
c Pre-processing level: 1
c Processing instance: sorting clauses...
c   removing redundancies...20186 redundant clauses eliminated.
c   unit reducing...1850 unary clauses identified.
c   resolving...23418 resolutions performed.
c   unit reducing...0 unary clauses identified.
c   resolving...0 resolutions performed.
c Processing phase stats: 
c   Initial clause count       : 58075
c   New clause count           : 6043
c   Seconds elapsed (real time): 0 seconds.
c Learn order: 3
c Fudge factor: 0.9
c Finding up to 1 solutions...
Solution 1: 4 18 32 46 61 62 63 64 65 66 68 69 70 71 72 75 76 77 78 82 83 84 86 94 102 110 113 116 119 122 125 129 133 135 195 412 426 440 459 460 462 463 464 465 466 469 470 471 472 476 477 478 484 488 496 504 508 510 513 516 519 523 527 530 660 820 834 853 854 860 863 864 865 866 870 871 872 878 886 890 898 902 906 907 910 913 917 921 927 943 1196 1214 1228 1243 1244 1245 1246 1247 1248 1254 1257 1258 1259 1260 1264 1265 1266 1268 1280 1284 1292 1297 1300 1301 1304 1307 1311 1315 1317 1503 1590 1622 1637 1638 1639 1640 1641 1642 1648 1653 1654 1658 1659 1660 1662 1674 1680 1686 1691 1694 1696 1698 1701 1705 1709 1716 1748 1972 2016 2033 2034 2035 2036 2042 2047 2048 2052 2053 2054 2058 2068 2074 2080 2083 2088 2090 2092 2095 2099 2103 2111 2195 2366 2387 2410 2427 2428 2429 2430 2432 2433 2434 2435 2436 2441 2442 2446 2447 2448 2452 2458 2468 2474 2477 2481 2484 2486 2489 2493 2497 2499 2523 2767 2781 2804 2819 2820 2821 2822 2823 2824 2826 2827 2828 2829 2830 2835 2836 2840 2841 2842 2844 2852 2862 2868 2872 2875 2878 2880 2883 2887 2891 2894 3150 3161 3175 3213 3214 3215 3216 3217 3218 3220 3221 3222 3223 3224 3229 3230 3236 3238 3246 3256 3264 3266 3269 3272 3276 3277 3281 3285 3291 3325 3558 3569 3609 3610 3611 3612 3614 3615 3616 3617 3618 3623 3624 3630 3634 3640 3650 3658 3661 3663 3666 3670 3671 3675 3679 3683 3793 3952 3956 4003 4004 4005 4006 4010 4011 4012 4017 4018 4024 4028 4036 4044 4052 4055 4056 4060 4064 4065 4069 4073 4080 4094 4338 4350 4395 4396 4397 4398 4399 4400 4404 4405 4406 4411 4412 4418 4420 4430 4438 4446 4447 4450 4454 4458 4459 4463 4467 4473 4633 4732 4744 4770 4789 4790 4791 4792 4793 4794 4798 4799 4800 4803 4804 4805 4806 4812 4814 4824 4830 4840 4841 4844 4849 4852 4853 4857 4861 4863 4923 5138 5164 5187 5188 5192 5193 5194 5197 5198 5199 5200 5206 5212 5218 5224 5234 5236 5238 5243 5246 5247 5251 5255 5258 5352 5544 5558 5581 5582 5584 5585 5586 5587 5588 5591 5592 5593 5594 5600 5606 5610 5618 5628 5630 5634 5637 5640 5641 5645 5649 5655 5671 5924 5938 5952 5971 5972 5973 5974 5975 5976 5978 5979 5980 5981 5982 5985 5986 5987 5988 5994 5996 6004 6012 6022 6025 6028 6031 6034 6035 6039 6043 
c   Solution limit reached. 
c Solution phase stats: 
c   Variable Assignments        : 6043
c   Branch Selections           : 0
c   Contradictions Discovered   : 0
c   Seconds Elapsed (real time) : 0
SAT
